<?xml version="1.0" encoding="UTF-8"?>
<!-- Generated by org.testng.reporters.JUnitReportReporter -->
<testsuite hostname="SS-Laptop" failures="0" tests="3" name="testCases.TC04_CompletePurchase_SidCode" time="206.944" errors="0" timestamp="2025-05-19T22:44:12 EDT" skipped="0">
  <testcase classname="testCases.TC04_CompletePurchase_SidCode" name="addToCart" time="68.142"/>
  <testcase classname="testCases.TC04_CompletePurchase_SidCode" name="addToCart" time="69.832"/>
  <testcase classname="testCases.TC04_CompletePurchase_SidCode" name="addToCart" time="68.970"/>
</testsuite> <!-- testCases.TC04_CompletePurchase_SidCode -->
