<?xml version="1.0" encoding="UTF-8"?>
<!-- Generated by org.testng.reporters.JUnitReportReporter -->
<testsuite hostname="SS-Laptop" failures="0" tests="1" name="testCases.TC05_AddToWishList" time="3.422" errors="0" timestamp="2025-05-11T23:47:51 EDT" skipped="0">
  <testcase classname="testCases.TC05_AddToWishList" name="TC05_AddToWishList" time="3.422"/>
</testsuite> <!-- testCases.TC05_AddToWishList -->
