<?xml version="1.0" encoding="UTF-8"?>
<!-- Generated by org.testng.reporters.JUnitReportReporter -->
<testsuite hostname="SS-Laptop" failures="0" tests="3" name="testCases.TC01_LaunchApplication" time="0.056" errors="0" timestamp="2025-05-19T22:44:12 EDT" skipped="0">
  <testcase classname="testCases.TC01_LaunchApplication" name="testLaunchApplication" time="0.018"/>
  <testcase classname="testCases.TC01_LaunchApplication" name="testLaunchApplication" time="0.017"/>
  <testcase classname="testCases.TC01_LaunchApplication" name="testLaunchApplication" time="0.021"/>
</testsuite> <!-- testCases.TC01_LaunchApplication -->
