<?xml version="1.0" encoding="UTF-8"?>
<!-- Generated by org.testng.reporters.JUnitReportReporter -->
<testsuite hostname="SS-Laptop" failures="0" tests="3" name="testCases.TC06_AddAffiliate" time="11.850" errors="0" timestamp="2025-05-19T22:44:12 EDT" skipped="0">
  <testcase classname="testCases.TC06_AddAffiliate" name="testAddAffiliate" time="4.018"/>
  <testcase classname="testCases.TC06_AddAffiliate" name="testAddAffiliate" time="3.799"/>
  <testcase classname="testCases.TC06_AddAffiliate" name="testAddAffiliate" time="4.033"/>
</testsuite> <!-- testCases.TC06_AddAffiliate -->
