<?xml version="1.0" encoding="UTF-8"?>
<!-- Generated by org.testng.reporters.JUnitReportReporter -->
<testsuite hostname="SS-Laptop" failures="0" tests="15" name="testCases.TC02_Login" time="22.526" errors="0" timestamp="2025-05-19T22:44:12 EDT" skipped="0">
  <testcase classname="testCases.TC02_Login" name="testLogin" time="1.585"/>
  <testcase classname="testCases.TC02_Login" name="testLogin" time="1.666"/>
  <testcase classname="testCases.TC02_Login" name="testLogin" time="1.609"/>
  <testcase classname="testCases.TC02_Login" name="testLogin" time="1.600"/>
  <testcase classname="testCases.TC02_Login" name="testLogin" time="1.652"/>
  <testcase classname="testCases.TC02_Login" name="testLogin" time="1.593"/>
  <testcase classname="testCases.TC02_Login" name="testLogin" time="1.548"/>
  <testcase classname="testCases.TC02_Login" name="testLogin" time="1.218"/>
  <testcase classname="testCases.TC02_Login" name="testLogin" time="1.375"/>
  <testcase classname="testCases.TC02_Login" name="testLogin" time="1.766"/>
  <testcase classname="testCases.TC02_Login" name="testLogin" time="1.539"/>
  <testcase classname="testCases.TC02_Login" name="testLogin" time="1.213"/>
  <testcase classname="testCases.TC02_Login" name="testLogin" time="1.611"/>
  <testcase classname="testCases.TC02_Login" name="testLogin" time="1.218"/>
  <testcase classname="testCases.TC02_Login" name="testLogin" time="1.333"/>
</testsuite> <!-- testCases.TC02_Login -->
