<?xml version="1.0" encoding="UTF-8"?>
<!-- Generated by org.testng.reporters.JUnitReportReporter -->
<testsuite hostname="SS-Laptop" failures="0" tests="3" name="testCases.TC03_AddToCart" time="11.114" errors="0" timestamp="2025-05-19T22:44:12 EDT" skipped="0">
  <testcase classname="testCases.TC03_AddToCart" name="addToCart" time="3.551"/>
  <testcase classname="testCases.TC03_AddToCart" name="addToCart" time="3.507"/>
  <testcase classname="testCases.TC03_AddToCart" name="addToCart" time="4.056"/>
</testsuite> <!-- testCases.TC03_AddToCart -->
