<?xml version="1.0" encoding="UTF-8"?>
<!-- Generated by org.testng.reporters.JUnitReportReporter -->
<testsuite hostname="SS-Laptop" failures="0" tests="3" name="testCases.TC01_LaunchApplication" time="0.087" errors="0" timestamp="2025-05-20T15:56:53 EDT" skipped="0">
  <testcase classname="testCases.TC01_LaunchApplication" name="testLaunchApplication" time="0.049"/>
  <testcase classname="testCases.TC01_LaunchApplication" name="testLaunchApplication" time="0.020"/>
  <testcase classname="testCases.TC01_LaunchApplication" name="testLaunchApplication" time="0.018"/>
</testsuite> <!-- testCases.TC01_LaunchApplication -->
