<?xml version="1.0" encoding="UTF-8"?>
<!-- Generated by org.testng.reporters.JUnitReportReporter -->
<testsuite hostname="SS-Laptop" failures="0" tests="3" name="testCases.TC04_CompletePurchase_SidCode" time="207.472" errors="0" timestamp="2025-05-20T15:56:53 EDT" skipped="0">
  <testcase classname="testCases.TC04_CompletePurchase_SidCode" name="addToCart" time="68.771"/>
  <testcase classname="testCases.TC04_CompletePurchase_SidCode" name="addToCart" time="69.183"/>
  <testcase classname="testCases.TC04_CompletePurchase_SidCode" name="addToCart" time="69.518"/>
</testsuite> <!-- testCases.TC04_CompletePurchase_SidCode -->
