<?xml version="1.0" encoding="UTF-8"?>
<!-- Generated by org.testng.reporters.JUnitReportReporter -->
<testsuite hostname="SS-Laptop" failures="0" tests="15" name="testCases.TC02_Login" time="23.145" errors="0" timestamp="2025-05-20T15:56:53 EDT" skipped="0">
  <testcase classname="testCases.TC02_Login" name="testLogin" time="1.613"/>
  <testcase classname="testCases.TC02_Login" name="testLogin" time="1.438"/>
  <testcase classname="testCases.TC02_Login" name="testLogin" time="1.649"/>
  <testcase classname="testCases.TC02_Login" name="testLogin" time="1.659"/>
  <testcase classname="testCases.TC02_Login" name="testLogin" time="1.574"/>
  <testcase classname="testCases.TC02_Login" name="testLogin" time="1.823"/>
  <testcase classname="testCases.TC02_Login" name="testLogin" time="1.467"/>
  <testcase classname="testCases.TC02_Login" name="testLogin" time="1.217"/>
  <testcase classname="testCases.TC02_Login" name="testLogin" time="1.642"/>
  <testcase classname="testCases.TC02_Login" name="testLogin" time="1.340"/>
  <testcase classname="testCases.TC02_Login" name="testLogin" time="1.312"/>
  <testcase classname="testCases.TC02_Login" name="testLogin" time="1.570"/>
  <testcase classname="testCases.TC02_Login" name="testLogin" time="1.233"/>
  <testcase classname="testCases.TC02_Login" name="testLogin" time="1.741"/>
  <testcase classname="testCases.TC02_Login" name="testLogin" time="1.867"/>
</testsuite> <!-- testCases.TC02_Login -->
