<?xml version="1.0" encoding="UTF-8"?>
<!-- Generated by org.testng.reporters.JUnitReportReporter -->
<testsuite hostname="SS-Laptop" failures="0" tests="3" name="testCases.TC03_AddToCart" time="10.949" errors="0" timestamp="2025-05-20T15:56:53 EDT" skipped="0">
  <testcase classname="testCases.TC03_AddToCart" name="addToCart" time="3.807"/>
  <testcase classname="testCases.TC03_AddToCart" name="addToCart" time="3.568"/>
  <testcase classname="testCases.TC03_AddToCart" name="addToCart" time="3.574"/>
</testsuite> <!-- testCases.TC03_AddToCart -->
