<?xml version="1.0" encoding="UTF-8"?>
<!-- Generated by org.testng.reporters.JUnitReportReporter -->
<testsuite hostname="SS-Laptop" failures="0" tests="3" name="testCases.TC06_AddAffiliate" time="12.160" errors="0" timestamp="2025-05-20T15:56:53 EDT" skipped="0">
  <testcase classname="testCases.TC06_AddAffiliate" name="testAddAffiliate" time="3.737"/>
  <testcase classname="testCases.TC06_AddAffiliate" name="testAddAffiliate" time="4.104"/>
  <testcase classname="testCases.TC06_AddAffiliate" name="testAddAffiliate" time="4.319"/>
</testsuite> <!-- testCases.TC06_AddAffiliate -->
